[debug] [2018-02-26T22:07:01.219Z] ----------------------------------------------------------------------
[debug] [2018-02-26T22:07:01.221Z] Command:       /usr/local/bin/node /usr/local/bin/firebase init
[debug] [2018-02-26T22:07:01.221Z] CLI Version:   3.17.4
[debug] [2018-02-26T22:07:01.221Z] Platform:      darwin
[debug] [2018-02-26T22:07:01.221Z] Node Version:  v8.9.4
[debug] [2018-02-26T22:07:01.221Z] Time:          Tue Feb 27 2018 11:07:01 GMT+1300 (NZDT)
[debug] [2018-02-26T22:07:01.222Z] ----------------------------------------------------------------------
[debug] 
[debug] [2018-02-26T22:07:01.230Z] > command requires scopes: ["email","openid","https://www.googleapis.com/auth/cloudplatformprojects.readonly","https://www.googleapis.com/auth/firebase"]
[debug] [2018-02-26T22:07:01.230Z] > authorizing via signed-in user
[info] 
     🔥🔥🔥🔥🔥🔥🔥🔥 🔥🔥🔥🔥 🔥🔥🔥🔥🔥🔥🔥🔥  🔥🔥🔥🔥🔥🔥🔥🔥 🔥🔥🔥🔥🔥🔥🔥🔥     🔥🔥🔥     🔥🔥🔥🔥🔥🔥  🔥🔥🔥🔥🔥🔥🔥🔥
     🔥🔥        🔥🔥  🔥🔥     🔥🔥 🔥🔥       🔥🔥     🔥🔥  🔥🔥   🔥🔥  🔥🔥       🔥🔥
     🔥🔥🔥🔥🔥🔥    🔥🔥  🔥🔥🔥🔥🔥🔥🔥🔥  🔥🔥🔥🔥🔥🔥   🔥🔥🔥🔥🔥🔥🔥🔥  🔥🔥🔥🔥🔥🔥🔥🔥🔥  🔥🔥🔥🔥🔥🔥  🔥🔥🔥🔥🔥🔥
     🔥🔥        🔥🔥  🔥🔥    🔥🔥  🔥🔥       🔥🔥     🔥🔥 🔥🔥     🔥🔥       🔥🔥 🔥🔥
     🔥🔥       🔥🔥🔥🔥 🔥🔥     🔥🔥 🔥🔥🔥🔥🔥🔥🔥🔥 🔥🔥🔥🔥🔥🔥🔥🔥  🔥🔥     🔥🔥  🔥🔥🔥🔥🔥🔥  🔥🔥🔥🔥🔥🔥🔥🔥

You're about to initialize a Firebase project in this directory:

  /Users/Michel/Documents/edenz_local/cellwatch2018

Before we get started, keep in mind:

  * You are initializing in an existing Firebase project directory

[info] 
=== Project Setup
[info] 
[info] First, let's associate this project directory with a Firebase project.
[info] You can create multiple project aliases by running firebase use --add, 
[info] but for now we'll just set up a default project.
[info] 
[debug] [2018-02-26T22:07:04.318Z] > refreshing access token with scopes: ["email","https://www.googleapis.com/auth/cloudplatformprojects.readonly","https://www.googleapis.com/auth/firebase","openid"]
[debug] [2018-02-26T22:07:04.318Z] >>> HTTP REQUEST POST https://www.googleapis.com/oauth2/v3/token  
 { refresh_token: '1/AAThWP6mvZDoL3EWfl9-5teNLuKUvtVgPFHByBYSGQdNhERHMyBoPKwSbU9yYOnn',
  client_id: '563584335869-fgrhgmd47bqnekij5i8b5pr03ho849e6.apps.googleusercontent.com',
  client_secret: 'j9iVZfS8kkCEFUPaAeJV0sAi',
  grant_type: 'refresh_token',
  scope: 'email https://www.googleapis.com/auth/cloudplatformprojects.readonly https://www.googleapis.com/auth/firebase openid' } 
 Tue Feb 27 2018 11:07:04 GMT+1300 (NZDT)
[debug] [2018-02-26T22:07:04.956Z] <<< HTTP RESPONSE 200
[debug] [2018-02-26T22:07:04.967Z] >>> HTTP REQUEST GET https://admin.firebase.com/v1/projects  
  
 Tue Feb 27 2018 11:07:04 GMT+1300 (NZDT)
[debug] [2018-02-26T22:07:06.591Z] <<< HTTP RESPONSE 200
[info] i  .firebaserc already has a default project, skipping
[info] 
=== Hosting Setup
[info] 
[info] Your public directory is the folder (relative to your project directory) that
[info] will contain Hosting assets to be uploaded with firebase deploy. If you
[info] have a build process for your assets, use your build's output directory.
[info] 
